2025-01-10 12:59:20,891 [INFO] Activator:176 - 


2025-01-10 12:59:20,893 [INFO] Activator:177 - !SESSION log4j initialized
2025-01-10 12:59:24,317 [INFO] LogOutputStream:77 - [STDOUT_REDIRECT] 
2025-01-10 12:59:26,278 [INFO] ApplicationProperties:184 - Using Application install path: C:\ST\STM32CubeIDE_1.16.0\STM32CubeIDE\plugins\com.st.stm32cube.common.mx_6.12.0.202406281431
2025-01-10 12:59:26,297 [INFO] DbMcusXml:78 - Set database path to: C:\ST\STM32CubeIDE_1.16.0\STM32CubeIDE\plugins\com.st.stm32cube.common.mx_6.12.0.202406281431\\db\/mcu/
2025-01-10 12:59:26,297 [INFO] ApiDb:274 - Set plugin database path to: C:\ST\STM32CubeIDE_1.16.0\STM32CubeIDE\plugins\com.st.stm32cube.common.mx_6.12.0.202406281431\\db\/plugins/boardmanager/
2025-01-10 12:59:26,298 [WARN] ApiDb:259 - Overriding images path with different value:  => C:\ST\STM32CubeIDE_1.16.0\STM32CubeIDE\plugins\com.st.stm32cube.common.mx_6.12.0.202406281431\\db\/plugins/mcufinder/images/
2025-01-10 12:59:26,307 [INFO] ApiDb:250 - Set database path to: C:\Users\ADMIN\.stmcufinder\plugins\mcufinder//mcu/
2025-01-10 12:59:26,308 [INFO] DbMcusAds:125 - Set database path to: C:\Users\ADMIN\.stmcufinder\plugins\mcufinder//mcu/
2025-01-10 12:59:26,310 [INFO] CrossReferenceDbSqlite:203 - Set database path to: C:\Users\ADMIN\.stmcufinder\plugins\mcufinder//mcu/cs/
2025-01-10 12:59:26,415 [INFO] RulesReader:64 - Compatibility file has been processed (297 Rules)
2025-01-10 12:59:26,487 [INFO] DbMcusXml:78 - Set database path to: C:\ST\STM32CubeIDE_1.16.0\STM32CubeIDE\plugins\com.st.stm32cube.common.mx_6.12.0.202406281431\\db\/mcu/
2025-01-10 12:59:26,487 [INFO] ApiDb:274 - Set plugin database path to: C:\ST\STM32CubeIDE_1.16.0\STM32CubeIDE\plugins\com.st.stm32cube.common.mx_6.12.0.202406281431\\db\/plugins/boardmanager/
2025-01-10 12:59:26,487 [INFO] ApiDb:261 - Set plugin images path to: C:\ST\STM32CubeIDE_1.16.0\STM32CubeIDE\plugins\com.st.stm32cube.common.mx_6.12.0.202406281431\\db\/plugins/mcufinder/images/
2025-01-10 12:59:26,487 [WARN] DbFile:41 - Overriding database path with different value: C:\Users\ADMIN\.stmcufinder\plugins\mcufinder/ => C:\Users\ADMIN\.stmcufinder\plugins\mcufinder
2025-01-10 12:59:26,487 [INFO] ApiDb:250 - Set database path to: C:\Users\ADMIN\.stmcufinder\plugins\mcufinder//mcu/
2025-01-10 12:59:26,487 [WARN] DbFile:41 - Overriding database path with different value: C:\Users\ADMIN\.stmcufinder\plugins\mcufinder/ => C:\Users\ADMIN\.stmcufinder\plugins\mcufinder
2025-01-10 12:59:26,487 [INFO] DbMcusAds:125 - Set database path to: C:\Users\ADMIN\.stmcufinder\plugins\mcufinder//mcu/
2025-01-10 12:59:26,487 [WARN] DbFile:41 - Overriding database path with different value: C:\Users\ADMIN\.stmcufinder\plugins\mcufinder/ => C:\Users\ADMIN\.stmcufinder\plugins\mcufinder
2025-01-10 12:59:26,487 [WARN] DbFile:41 - Overriding database path with different value: C:\Users\ADMIN\.stmcufinder\plugins\mcufinder/ => C:\Users\ADMIN\.stmcufinder\plugins\mcufinder
2025-01-10 12:59:26,488 [INFO] CrossReferenceDbSqlite:203 - Set database path to: C:\Users\ADMIN\.stmcufinder\plugins\mcufinder//mcu/cs/
2025-01-10 12:59:26,568 [INFO] MainPanel:268 - HeapMemory: 268435456
2025-01-10 12:59:26,663 [INFO] DbMcusXml:78 - Set database path to: C:\ST\STM32CubeIDE_1.16.0\STM32CubeIDE\plugins\com.st.stm32cube.common.mx_6.12.0.202406281431\\db\/mcu/
2025-01-10 12:59:26,663 [INFO] ApiDb:274 - Set plugin database path to: C:\ST\STM32CubeIDE_1.16.0\STM32CubeIDE\plugins\com.st.stm32cube.common.mx_6.12.0.202406281431\\db\/plugins/boardmanager/
2025-01-10 12:59:26,663 [INFO] ApiDb:261 - Set plugin images path to: C:\ST\STM32CubeIDE_1.16.0\STM32CubeIDE\plugins\com.st.stm32cube.common.mx_6.12.0.202406281431\\db\/plugins/mcufinder/images/
2025-01-10 12:59:26,663 [WARN] DbFile:41 - Overriding database path with different value: C:\Users\ADMIN\.stmcufinder\plugins\mcufinder/ => C:\Users\ADMIN\.stmcufinder\plugins\mcufinder
2025-01-10 12:59:26,663 [INFO] ApiDb:250 - Set database path to: C:\Users\ADMIN\.stmcufinder\plugins\mcufinder//mcu/
2025-01-10 12:59:26,663 [WARN] DbFile:41 - Overriding database path with different value: C:\Users\ADMIN\.stmcufinder\plugins\mcufinder/ => C:\Users\ADMIN\.stmcufinder\plugins\mcufinder
2025-01-10 12:59:26,663 [INFO] DbMcusAds:125 - Set database path to: C:\Users\ADMIN\.stmcufinder\plugins\mcufinder//mcu/
2025-01-10 12:59:26,664 [WARN] DbFile:41 - Overriding database path with different value: C:\Users\ADMIN\.stmcufinder\plugins\mcufinder/ => C:\Users\ADMIN\.stmcufinder\plugins\mcufinder
2025-01-10 12:59:26,664 [WARN] DbFile:41 - Overriding database path with different value: C:\Users\ADMIN\.stmcufinder\plugins\mcufinder/ => C:\Users\ADMIN\.stmcufinder\plugins\mcufinder
2025-01-10 12:59:26,664 [INFO] CrossReferenceDbSqlite:203 - Set database path to: C:\Users\ADMIN\.stmcufinder\plugins\mcufinder//mcu/cs/
2025-01-10 12:59:26,682 [INFO] ApplicationProperties:184 - Using Application install path: C:\ST\STM32CubeIDE_1.16.0\STM32CubeIDE\plugins\com.st.stm32cube.common.mx_6.12.0.202406281431
2025-01-10 12:59:26,684 [INFO] PluginManage:196 - Search for loadable plugins [exclusion list=, ]
2025-01-10 12:59:26,685 [INFO] PluginManage:310 - Check plugin analytics
2025-01-10 12:59:26,851 [INFO] AnalyticsPlugin:253 - Accepted Software Licenses: 
2025-01-10 12:59:26,851 [INFO] AnalyticsPlugin:255 - Accepted CMSIS Pack Licenses: 
2025-01-10 12:59:26,851 [INFO] AnalyticsPlugin:257 - Accepted Firmware Licenses: FW.F4.1.28.0
2025-01-10 12:59:26,854 [INFO] PluginManage:359 - Loaded plugin analytics (category:tool,tabindex:-1)
2025-01-10 12:59:26,855 [INFO] PluginManage:310 - Check plugin cadmodel
2025-01-10 12:59:26,872 [INFO] CADModel:105 - Init CAD model plugin
2025-01-10 12:59:26,872 [INFO] PluginManage:359 - Loaded plugin cadmodel (category:power,tabindex:5)
2025-01-10 12:59:26,872 [INFO] PluginManage:310 - Check plugin clock
2025-01-10 12:59:26,895 [INFO] PluginManage:359 - Loaded plugin clock (category:base,tabindex:2)
2025-01-10 12:59:26,895 [INFO] PluginManage:310 - Check plugin ddr
2025-01-10 12:59:26,897 [INFO] PluginManage:359 - Loaded plugin ddr (category:tool,tabindex:6)
2025-01-10 12:59:26,897 [INFO] PluginManage:310 - Check plugin filemanager
2025-01-10 12:59:27,042 [INFO] PluginManage:359 - Loaded plugin filemanager (category:base,tabindex:10)
2025-01-10 12:59:27,042 [INFO] PluginManage:310 - Check plugin ipmanager
2025-01-10 12:59:27,049 [INFO] PluginManage:359 - Loaded plugin ipmanager (category:base,tabindex:5)
2025-01-10 12:59:27,049 [INFO] PluginManage:310 - Check plugin lpbam
2025-01-10 12:59:27,067 [INFO] PluginManage:359 - Loaded plugin lpbam (category:base,tabindex:0)
2025-01-10 12:59:27,067 [INFO] PluginManage:310 - Check plugin memorymap
2025-01-10 12:59:27,116 [INFO] PluginManage:359 - Loaded plugin memorymap (category:base,tabindex:4)
2025-01-10 12:59:27,117 [INFO] PluginManage:310 - Check plugin pinoutandconfiguration
2025-01-10 12:59:27,142 [INFO] PluginManage:359 - Loaded plugin pinoutandconfiguration (category:base,tabindex:1)
2025-01-10 12:59:27,142 [INFO] PluginManage:310 - Check plugin pinoutconfig
2025-01-10 12:59:27,236 [WARN] SupportedApi:132 - Cannot load RTOS API schema: s4s-elt-must-match.1: The content of 'definitions' must match (annotation?, (simpleType | complexType)?, (unique | key | keyref)*)). A problem was found starting at: attribute.
2025-01-10 12:59:27,425 [INFO] PluginManage:359 - Loaded plugin pinoutconfig (category:base,tabindex:0)
2025-01-10 12:59:27,426 [INFO] PluginManage:310 - Check plugin power
2025-01-10 12:59:27,448 [INFO] PluginManage:359 - Loaded plugin power (category:power,tabindex:4)
2025-01-10 12:59:27,448 [INFO] PluginManage:310 - Check plugin projectmanager
2025-01-10 12:59:27,461 [INFO] PluginManage:359 - Loaded plugin projectmanager (category:projectmanager,tabindex:4)
2025-01-10 12:59:27,462 [INFO] PluginManage:310 - Check plugin rif
2025-01-10 12:59:27,486 [INFO] PluginManage:359 - Loaded plugin rif (category:base,tabindex:3)
2025-01-10 12:59:27,486 [INFO] PluginManage:310 - Check plugin thirdparty
2025-01-10 12:59:27,977 [INFO] PluginManage:359 - Loaded plugin thirdparty (category:base,tabindex:-1)
2025-01-10 12:59:27,977 [INFO] PluginManage:310 - Check plugin tools
2025-01-10 12:59:27,977 [WARN] IntegrityCheckThread:84 - waiting for thirdparty lock release [integrity check]
2025-01-10 12:59:27,977 [INFO] IntegrityCheckThread:86 - entering critical section [integrity check]
2025-01-10 12:59:27,978 [INFO] ThirdPartyUpdaterWithRetryManager:70 - Updater plugin not ready yet. [1/15]
2025-01-10 12:59:28,034 [INFO] PluginManage:359 - Loaded plugin tools (category:base,tabindex:7)
2025-01-10 12:59:28,034 [INFO] PluginManage:310 - Check plugin tutovideos
2025-01-10 12:59:28,329 [INFO] PluginManage:359 - Loaded plugin tutovideos (category:base,tabindex:-1)
2025-01-10 12:59:28,329 [INFO] PluginManage:310 - Check plugin updater
2025-01-10 12:59:28,352 [INFO] PluginManage:359 - Loaded plugin updater (category:base,tabindex:12)
2025-01-10 12:59:28,352 [INFO] PluginManage:310 - Check plugin userauth
2025-01-10 12:59:28,360 [INFO] UserAuth:113 - Init User Auth plugin
2025-01-10 12:59:28,360 [INFO] PluginManage:359 - Loaded plugin userauth (category:base,tabindex:14)
2025-01-10 12:59:28,361 [INFO] PluginManage:283 - PluginManage : Loaded plugins [18]
2025-01-10 12:59:28,653 [INFO] PinOutPanel:1561 - setPackage(No Configuration,No Configuration)
2025-01-10 12:59:28,769 [INFO] CADModel:165 - CPN selected for project level
2025-01-10 12:59:28,769 [INFO] CADModel:114 - Register for checkConnection events
2025-01-10 12:59:28,812 [INFO] IPUIPlugin:80 - create IPUIPlugin
2025-01-10 12:59:28,812 [INFO] PluginManager:220 - loadIPPluginJar : add adc
2025-01-10 12:59:28,885 [INFO] IPUIPlugin:80 - create IPUIPlugin
2025-01-10 12:59:28,885 [INFO] PluginManager:220 - loadIPPluginJar : add aes
2025-01-10 12:59:28,995 [INFO] IPUIPlugin:80 - create IPUIPlugin
2025-01-10 12:59:28,995 [INFO] PluginManager:220 - loadIPPluginJar : add can
2025-01-10 12:59:29,057 [INFO] IPUIPlugin:80 - create IPUIPlugin
2025-01-10 12:59:29,057 [INFO] PluginManager:220 - loadIPPluginJar : add comp
2025-01-10 12:59:29,134 [INFO] IPUIPlugin:80 - create IPUIPlugin
2025-01-10 12:59:29,134 [INFO] PluginManager:220 - loadIPPluginJar : add cryp
2025-01-10 12:59:29,155 [INFO] IPUIPlugin:80 - create IPUIPlugin
2025-01-10 12:59:29,155 [INFO] PluginManager:220 - loadIPPluginJar : add ddr_ctrl_phy
2025-01-10 12:59:29,212 [INFO] IPUIPlugin:80 - create IPUIPlugin
2025-01-10 12:59:29,212 [INFO] PluginManager:220 - loadIPPluginJar : add dfsdm
2025-01-10 12:59:29,238 [INFO] IPUIPlugin:80 - create IPUIPlugin
2025-01-10 12:59:29,238 [INFO] PluginManager:220 - loadIPPluginJar : add dma
2025-01-10 12:59:29,354 [INFO] IPUIPlugin:80 - create IPUIPlugin
2025-01-10 12:59:29,354 [INFO] PluginManager:220 - loadIPPluginJar : add dma3
2025-01-10 12:59:29,461 [INFO] IPUIPlugin:80 - create IPUIPlugin
2025-01-10 12:59:29,462 [INFO] PluginManager:220 - loadIPPluginJar : add extmemmanager
2025-01-10 12:59:29,504 [INFO] IPUIPlugin:80 - create IPUIPlugin
2025-01-10 12:59:29,504 [INFO] PluginManager:220 - loadIPPluginJar : add fatfs
2025-01-10 12:59:29,608 [INFO] IPUIPlugin:80 - create IPUIPlugin
2025-01-10 12:59:29,608 [INFO] PluginManager:220 - loadIPPluginJar : add fmc
2025-01-10 12:59:29,624 [INFO] IPUIPlugin:80 - create IPUIPlugin
2025-01-10 12:59:29,625 [INFO] PluginManager:220 - loadIPPluginJar : add freertos
2025-01-10 12:59:29,683 [INFO] IPUIPlugin:80 - create IPUIPlugin
2025-01-10 12:59:29,683 [INFO] PluginManager:220 - loadIPPluginJar : add genericplugin
2025-01-10 12:59:30,006 [INFO] IPUIPlugin:80 - create IPUIPlugin
2025-01-10 12:59:30,006 [INFO] PluginManager:220 - loadIPPluginJar : add gfxmmu
2025-01-10 12:59:30,364 [INFO] IPUIPlugin:80 - create IPUIPlugin
2025-01-10 12:59:30,364 [INFO] PluginManager:220 - loadIPPluginJar : add gic
2025-01-10 12:59:30,384 [INFO] IPUIPlugin:80 - create IPUIPlugin
2025-01-10 12:59:30,384 [INFO] PluginManager:220 - loadIPPluginJar : add gpio
2025-01-10 12:59:30,652 [INFO] IPUIPlugin:80 - create IPUIPlugin
2025-01-10 12:59:30,653 [INFO] PluginManager:220 - loadIPPluginJar : add gtzc
2025-01-10 12:59:30,760 [INFO] IPUIPlugin:80 - create IPUIPlugin
2025-01-10 12:59:30,761 [INFO] PluginManager:220 - loadIPPluginJar : add hash
2025-01-10 12:59:30,886 [INFO] IPUIPlugin:80 - create IPUIPlugin
2025-01-10 12:59:30,886 [INFO] PluginManager:220 - loadIPPluginJar : add i2c
2025-01-10 12:59:30,980 [INFO] ThirdPartyUpdaterWithRetryManager:70 - Updater plugin not ready yet. [2/15]
2025-01-10 12:59:30,989 [INFO] IPUIPlugin:80 - create IPUIPlugin
2025-01-10 12:59:30,990 [INFO] PluginManager:220 - loadIPPluginJar : add i2s
2025-01-10 12:59:31,083 [INFO] IPUIPlugin:80 - create IPUIPlugin
2025-01-10 12:59:31,084 [INFO] PluginManager:220 - loadIPPluginJar : add i3c
2025-01-10 12:59:31,441 [INFO] IPUIPlugin:80 - create IPUIPlugin
2025-01-10 12:59:31,441 [INFO] PluginManager:220 - loadIPPluginJar : add ipddr
2025-01-10 12:59:31,747 [INFO] IPUIPlugin:80 - create IPUIPlugin
2025-01-10 12:59:31,747 [INFO] PluginManager:220 - loadIPPluginJar : add linkedlist
2025-01-10 12:59:31,864 [INFO] IPUIPlugin:80 - create IPUIPlugin
2025-01-10 12:59:31,864 [INFO] PluginManager:220 - loadIPPluginJar : add lorawan
2025-01-10 12:59:31,976 [INFO] IPUIPlugin:80 - create IPUIPlugin
2025-01-10 12:59:31,976 [INFO] PluginManager:220 - loadIPPluginJar : add ltdc
2025-01-10 12:59:31,993 [INFO] IPUIPlugin:80 - create IPUIPlugin
2025-01-10 12:59:31,993 [INFO] PluginManager:220 - loadIPPluginJar : add mdma
2025-01-10 12:59:32,006 [INFO] IPUIPlugin:80 - create IPUIPlugin
2025-01-10 12:59:32,006 [INFO] PluginManager:220 - loadIPPluginJar : add nvic
2025-01-10 12:59:32,127 [INFO] IPUIPlugin:80 - create IPUIPlugin
2025-01-10 12:59:32,127 [INFO] PluginManager:220 - loadIPPluginJar : add opamp
2025-01-10 12:59:32,250 [INFO] IPUIPlugin:80 - create IPUIPlugin
2025-01-10 12:59:32,250 [INFO] PluginManager:220 - loadIPPluginJar : add openamp
2025-01-10 12:59:32,340 [INFO] IPUIPlugin:80 - create IPUIPlugin
2025-01-10 12:59:32,340 [INFO] PluginManager:220 - loadIPPluginJar : add pdm2pcm
2025-01-10 12:59:32,357 [INFO] IPUIPlugin:80 - create IPUIPlugin
2025-01-10 12:59:32,359 [INFO] PluginManager:220 - loadIPPluginJar : add plateformsettings
2025-01-10 12:59:32,411 [INFO] IPUIPlugin:80 - create IPUIPlugin
2025-01-10 12:59:32,412 [INFO] PluginManager:220 - loadIPPluginJar : add quadspi
2025-01-10 12:59:32,482 [INFO] IPUIPlugin:80 - create IPUIPlugin
2025-01-10 12:59:32,483 [INFO] PluginManager:220 - loadIPPluginJar : add radio
2025-01-10 12:59:32,497 [INFO] IPUIPlugin:80 - create IPUIPlugin
2025-01-10 12:59:32,497 [INFO] PluginManager:220 - loadIPPluginJar : add resmgrutility
2025-01-10 12:59:32,582 [INFO] IPUIPlugin:80 - create IPUIPlugin
2025-01-10 12:59:32,582 [INFO] PluginManager:220 - loadIPPluginJar : add sai
2025-01-10 12:59:32,669 [INFO] IPUIPlugin:80 - create IPUIPlugin
2025-01-10 12:59:32,669 [INFO] PluginManager:220 - loadIPPluginJar : add spi
2025-01-10 12:59:32,878 [INFO] IPUIPlugin:80 - create IPUIPlugin
2025-01-10 12:59:32,879 [INFO] PluginManager:220 - loadIPPluginJar : add stm32_wpan
2025-01-10 12:59:32,930 [INFO] IPUIPlugin:80 - create IPUIPlugin
2025-01-10 12:59:32,930 [INFO] PluginManager:220 - loadIPPluginJar : add tim
2025-01-10 12:59:33,060 [INFO] IPUIPlugin:80 - create IPUIPlugin
2025-01-10 12:59:33,061 [INFO] PluginManager:220 - loadIPPluginJar : add touchsensing
2025-01-10 12:59:33,111 [INFO] IPUIPlugin:80 - create IPUIPlugin
2025-01-10 12:59:33,112 [INFO] PluginManager:220 - loadIPPluginJar : add tracer_emb
2025-01-10 12:59:33,187 [INFO] IPUIPlugin:80 - create IPUIPlugin
2025-01-10 12:59:33,187 [INFO] PluginManager:220 - loadIPPluginJar : add ts
2025-01-10 12:59:33,271 [INFO] IPUIPlugin:80 - create IPUIPlugin
2025-01-10 12:59:33,271 [INFO] PluginManager:220 - loadIPPluginJar : add tsc
2025-01-10 12:59:33,338 [INFO] IPUIPlugin:80 - create IPUIPlugin
2025-01-10 12:59:33,339 [INFO] PluginManager:220 - loadIPPluginJar : add ucpd
2025-01-10 12:59:33,500 [INFO] IPUIPlugin:80 - create IPUIPlugin
2025-01-10 12:59:33,500 [INFO] PluginManager:220 - loadIPPluginJar : add usart
2025-01-10 12:59:33,637 [INFO] IPUIPlugin:80 - create IPUIPlugin
2025-01-10 12:59:33,637 [INFO] PluginManager:220 - loadIPPluginJar : add usbx
2025-01-10 12:59:33,785 [INFO] CADModel:165 - CPN selected for project level
2025-01-10 12:59:33,785 [INFO] CADModel:114 - Register for checkConnection events
2025-01-10 12:59:33,785 [FATAL] Updater:334 - Updater called before beeing initialized
2025-01-10 12:59:33,785 [ERROR] CADModel:125 - Updater not yet initialized, retry later 
2025-01-10 12:59:33,950 [INFO] CADModel:165 - CPN selected for project level
2025-01-10 12:59:33,950 [INFO] CADModel:114 - Register for checkConnection events
2025-01-10 12:59:33,950 [FATAL] Updater:334 - Updater called before beeing initialized
2025-01-10 12:59:33,950 [ERROR] CADModel:125 - Updater not yet initialized, retry later 
2025-01-10 12:59:33,954 [FATAL] Updater:334 - Updater called before beeing initialized
2025-01-10 12:59:33,983 [INFO] ThirdPartyUpdaterWithRetryManager:70 - Updater plugin not ready yet. [3/15]
2025-01-10 12:59:34,085 [FATAL] Updater:334 - Updater called before beeing initialized
2025-01-10 12:59:34,089 [INFO] DbMcusAds:53 - JSON generation date=Tue Dec 17 23:01:15 ICT 2024 (1734451275222)
2025-01-10 12:59:34,089 [FATAL] Updater:334 - Updater called before beeing initialized
2025-01-10 12:59:34,122 [WARN] DetailPanel:346 - Failed to get advertising image, set to default
2025-01-10 12:59:34,202 [FATAL] Updater:334 - Updater called before beeing initialized
2025-01-10 12:59:34,204 [FATAL] Updater:334 - Updater called before beeing initialized
2025-01-10 12:59:34,204 [FATAL] Updater:334 - Updater called before beeing initialized
2025-01-10 12:59:34,205 [WARN] DetailPanel:346 - Failed to get advertising image, set to default
2025-01-10 12:59:34,205 [FATAL] Updater:334 - Updater called before beeing initialized
2025-01-10 12:59:34,300 [ERROR] Updater:1164 - MainUpdater not yet initialized. External WinMGr cannot be set.
2025-01-10 12:59:34,314 [INFO] Updater:1100 - Updater Version found : 6.12.0
2025-01-10 12:59:34,336 [INFO] ApplicationProperties:184 - Using Application install path: C:\ST\STM32CubeIDE_1.16.0\STM32CubeIDE\plugins\com.st.stm32cube.common.mx_6.12.0.202406281431
2025-01-10 12:59:35,930 [ERROR] LogOutputStream:75 - [STDERR_REDIRECT] Jan 10, 2025 12:59:35 PM java.util.prefs.WindowsPreferences <init>
2025-01-10 12:59:35,931 [ERROR] LogOutputStream:75 - [STDERR_REDIRECT] WARNING: Could not open/create prefs root node Software\JavaSoft\Prefs at root 0xffffffff80000002. Windows RegCreateKeyEx(...) returned error code 5.
2025-01-10 12:59:35,931 [ERROR] LogOutputStream:75 - [STDERR_REDIRECT] 
2025-01-10 12:59:36,358 [INFO] MainUpdater:2873 - connection check result : 10
2025-01-10 12:59:36,358 [INFO] MainUpdater:290 - Updater Check For Update Now.
2025-01-10 12:59:36,359 [INFO] MicroXplorer:498 - Change Database Version : DB.6.0.120
2025-01-10 12:59:36,378 [INFO] McuFinderGlobals:63 - Set McuFinder mode to 2 (CubeIDE integrated)
2025-01-10 12:59:36,378 [INFO] UserAuth:179 - activating auth plugin
2025-01-10 12:59:36,382 [INFO] UserAuth:417 - Internet connection configuration mode: 1
2025-01-10 12:59:36,427 [INFO] JxBrowserEngine:152 - Initiate JxBrowser Engine with user profile folder
2025-01-10 12:59:36,687 [INFO] CheckServerUpdateThread:120 - End of CheckServer Thread
2025-01-10 12:59:37,207 [WARN] PackLoader:240 - Cannot read IP mode file for STMicroelectronics.FP-SNS-MOTENVWB1.1.4.0
2025-01-10 12:59:37,235 [WARN] PackLoader:240 - Cannot read IP mode file for STMicroelectronics.FP-ATR-ASTRA1.2.0.1
2025-01-10 12:59:37,259 [WARN] PackLoader:240 - Cannot read IP mode file for STMicroelectronics.X-CUBE-SMBUS.2.1.0
2025-01-10 12:59:37,291 [WARN] PackLoader:240 - Cannot read IP mode file for STMicroelectronics.X-CUBE-WB05N.1.1.0
2025-01-10 12:59:37,332 [WARN] PackLoader:240 - Cannot read IP mode file for STMicroelectronics.X-CUBE-AZRTOS-F7.1.1.0
2025-01-10 12:59:37,403 [WARN] PackLoader:240 - Cannot read IP mode file for STMicroelectronics.X-CUBE-MEMS1.11.0.0
2025-01-10 12:59:37,603 [WARN] PackLoader:240 - Cannot read IP mode file for STMicroelectronics.FP-SNS-FLIGHT1.5.0.2
2025-01-10 12:59:37,627 [WARN] PackLoader:240 - Cannot read IP mode file for STMicroelectronics.X-CUBE-DISPLAY.3.0.0
2025-01-10 12:59:37,659 [WARN] PackLoader:240 - Cannot read IP mode file for STMicroelectronics.X-CUBE-BLE1.7.0.0
2025-01-10 12:59:37,683 [WARN] PackLoader:240 - Cannot read IP mode file for STMicroelectronics.X-CUBE-NFC10.1.0.0
2025-01-10 12:59:37,706 [WARN] PackLoader:240 - Cannot read IP mode file for STMicroelectronics.X-CUBE-BLEMGR.4.0.0
2025-01-10 12:59:37,728 [WARN] PackLoader:240 - Cannot read IP mode file for STMicroelectronics.X-CUBE-BLEMGR.3.1.0
2025-01-10 12:59:37,746 [WARN] PackLoader:240 - Cannot read IP mode file for STMicroelectronics.FP-SNS-SMARTAG2.1.2.0
2025-01-10 12:59:37,810 [WARN] PackLoader:240 - Cannot read IP mode file for STMicroelectronics.X-CUBE-MEMS1.11.1.0
2025-01-10 12:59:37,904 [INFO] LogOutputStream:77 - [STDOUT_REDIRECT] 1 : Invalid condition id : UX_CORESTACK_Condition cause : null
2025-01-10 12:59:37,905 [INFO] LogOutputStream:77 - [STDOUT_REDIRECT] 1 : Invalid condition id : UX_CORESTACK_Condition cause : null
2025-01-10 12:59:37,906 [INFO] LogOutputStream:77 - [STDOUT_REDIRECT] 1 : Invalid condition id : UX_CORESTACK_Condition cause : null
2025-01-10 12:59:37,908 [INFO] LogOutputStream:77 - [STDOUT_REDIRECT] 1 : Invalid condition id : UX_CORESTACK_Condition cause : null
2025-01-10 12:59:37,909 [INFO] LogOutputStream:77 - [STDOUT_REDIRECT] 1 : Invalid condition id : UX_CORESTACK_Condition cause : null
2025-01-10 12:59:37,911 [WARN] PackLoader:240 - Cannot read IP mode file for STMicroelectronics.X-CUBE-AZRTOS-WL.2.0.0
2025-01-10 12:59:37,932 [WARN] PackLoader:240 - Cannot read IP mode file for STMicroelectronics.FP-SNS-MOTENV1.5.0.0
2025-01-10 12:59:37,952 [WARN] PackLoader:240 - Cannot read IP mode file for wolfSSL.I-CUBE-wolfMQTT.1.19.0
2025-01-10 12:59:37,977 [WARN] PackLoader:240 - Cannot read IP mode file for WES.I-CUBE-Cesium.1.3.0
2025-01-10 12:59:37,996 [WARN] PackLoader:240 - Cannot read IP mode file for STMicroelectronics.X-CUBE-BLE2.3.3.0
2025-01-10 12:59:38,017 [WARN] PackLoader:240 - Cannot read IP mode file for STMicroelectronics.X-CUBE-NFC9.1.0.0
2025-01-10 12:59:38,045 [WARN] PackLoader:240 - Cannot read IP mode file for STMicroelectronics.X-CUBE-TCPP.4.1.0
2025-01-10 12:59:38,088 [WARN] PackLoader:240 - Cannot read IP mode file for STMicroelectronics.X-CUBE-AZRTOS-G0.1.1.0
2025-01-10 12:59:38,125 [WARN] PackLoader:240 - Cannot read IP mode file for STMicroelectronics.X-CUBE-SAFEA1.1.2.2
2025-01-10 12:59:38,172 [WARN] PackLoader:240 - Cannot read IP mode file for STMicroelectronics.X-CUBE-NFC4.3.0.0
2025-01-10 12:59:38,226 [WARN] PackLoader:240 - Cannot read IP mode file for EmbeddedOffice.I-CUBE-FS-RTOS.1.0.1
2025-01-10 12:59:38,226 [ERROR] ConditionMgr:805 - Attr not supported : Dmpu
2025-01-10 12:59:38,227 [ERROR] ConditionMgr:805 - Attr not supported : Dmpu
2025-01-10 12:59:38,227 [ERROR] ConditionMgr:805 - Attr not supported : Dmpu
2025-01-10 12:59:38,227 [ERROR] ConditionMgr:805 - Attr not supported : Dmpu
2025-01-10 12:59:38,227 [ERROR] ConditionMgr:805 - Attr not supported : Dmpu
2025-01-10 12:59:38,227 [ERROR] ConditionMgr:805 - Attr not supported : Dmpu
2025-01-10 12:59:38,227 [ERROR] ConditionMgr:805 - Attr not supported : Dmpu
2025-01-10 12:59:38,227 [ERROR] ConditionMgr:805 - Attr not supported : Dmpu
2025-01-10 12:59:38,227 [ERROR] ConditionMgr:805 - Attr not supported : Dmpu
2025-01-10 12:59:38,227 [ERROR] ConditionMgr:805 - Attr not supported : Dmpu
2025-01-10 12:59:38,227 [ERROR] ConditionMgr:805 - Attr not supported : Dmpu
2025-01-10 12:59:38,227 [ERROR] ConditionMgr:805 - Attr not supported : Dmpu
2025-01-10 12:59:38,227 [ERROR] ConditionMgr:805 - Attr not supported : Dmpu
2025-01-10 12:59:38,227 [ERROR] ConditionMgr:805 - Attr not supported : Dmpu
2025-01-10 12:59:38,227 [ERROR] ConditionMgr:805 - Attr not supported : Dmpu
2025-01-10 12:59:38,227 [ERROR] ConditionMgr:805 - Attr not supported : Dmpu
2025-01-10 12:59:38,227 [ERROR] ConditionMgr:805 - Attr not supported : Dmpu
2025-01-10 12:59:38,227 [ERROR] ConditionMgr:805 - Attr not supported : Dmpu
2025-01-10 12:59:38,227 [ERROR] ConditionMgr:805 - Attr not supported : Dmpu
2025-01-10 12:59:38,227 [ERROR] ConditionMgr:805 - Attr not supported : Dmpu
2025-01-10 12:59:38,227 [ERROR] ConditionMgr:805 - Attr not supported : Dmpu
2025-01-10 12:59:38,227 [ERROR] ConditionMgr:805 - Attr not supported : Dmpu
2025-01-10 12:59:38,227 [ERROR] ConditionMgr:805 - Attr not supported : Dmpu
2025-01-10 12:59:38,228 [ERROR] ConditionMgr:805 - Attr not supported : Dmpu
2025-01-10 12:59:38,228 [ERROR] ConditionMgr:805 - Attr not supported : Dmpu
2025-01-10 12:59:38,228 [ERROR] ConditionMgr:805 - Attr not supported : Dmpu
2025-01-10 12:59:38,228 [ERROR] ConditionMgr:805 - Attr not supported : Dmpu
2025-01-10 12:59:38,228 [ERROR] ConditionMgr:805 - Attr not supported : Dmpu
2025-01-10 12:59:38,228 [ERROR] ConditionMgr:805 - Attr not supported : Dmpu
2025-01-10 12:59:38,228 [ERROR] ConditionMgr:805 - Attr not supported : Dmpu
2025-01-10 12:59:38,228 [ERROR] ConditionMgr:805 - Attr not supported : Dmpu
2025-01-10 12:59:38,228 [ERROR] ConditionMgr:805 - Attr not supported : Dmpu
2025-01-10 12:59:38,228 [ERROR] ConditionMgr:805 - Attr not supported : Dmpu
2025-01-10 12:59:38,228 [ERROR] ConditionMgr:805 - Attr not supported : Dmpu
2025-01-10 12:59:38,228 [ERROR] ConditionMgr:805 - Attr not supported : Dmpu
2025-01-10 12:59:38,228 [ERROR] ConditionMgr:805 - Attr not supported : Dmpu
2025-01-10 12:59:38,228 [ERROR] ConditionMgr:805 - Attr not supported : Dmpu
2025-01-10 12:59:38,228 [ERROR] ConditionMgr:805 - Attr not supported : Dmpu
2025-01-10 12:59:38,228 [ERROR] ConditionMgr:805 - Attr not supported : Dmpu
2025-01-10 12:59:38,228 [ERROR] ConditionMgr:805 - Attr not supported : Dmpu
2025-01-10 12:59:38,228 [ERROR] ConditionMgr:805 - Attr not supported : Dmpu
2025-01-10 12:59:38,228 [ERROR] ConditionMgr:805 - Attr not supported : Dmpu
2025-01-10 12:59:38,228 [ERROR] ConditionMgr:805 - Attr not supported : Dmpu
2025-01-10 12:59:38,228 [ERROR] ConditionMgr:805 - Attr not supported : Dmpu
2025-01-10 12:59:38,229 [ERROR] ConditionMgr:805 - Attr not supported : Dmpu
2025-01-10 12:59:38,229 [ERROR] ConditionMgr:805 - Attr not supported : Dmpu
2025-01-10 12:59:38,229 [ERROR] ConditionMgr:805 - Attr not supported : Dmpu
2025-01-10 12:59:38,229 [ERROR] ConditionMgr:805 - Attr not supported : Dmpu
2025-01-10 12:59:38,229 [ERROR] ConditionMgr:805 - Attr not supported : Dmpu
2025-01-10 12:59:38,229 [ERROR] ConditionMgr:805 - Attr not supported : Dmpu
2025-01-10 12:59:38,229 [ERROR] ConditionMgr:805 - Attr not supported : Dmpu
2025-01-10 12:59:38,229 [ERROR] ConditionMgr:805 - Attr not supported : Dmpu
2025-01-10 12:59:38,229 [ERROR] ConditionMgr:805 - Attr not supported : Dmpu
2025-01-10 12:59:38,229 [ERROR] ConditionMgr:805 - Attr not supported : Dmpu
2025-01-10 12:59:38,229 [ERROR] ConditionMgr:805 - Attr not supported : Dmpu
2025-01-10 12:59:38,229 [ERROR] ConditionMgr:805 - Attr not supported : Dmpu
2025-01-10 12:59:38,229 [ERROR] ConditionMgr:805 - Attr not supported : Dmpu
2025-01-10 12:59:38,229 [ERROR] ConditionMgr:805 - Attr not supported : Dmpu
2025-01-10 12:59:38,229 [ERROR] ConditionMgr:805 - Attr not supported : Dmpu
2025-01-10 12:59:38,230 [ERROR] ConditionMgr:805 - Attr not supported : Dmpu
2025-01-10 12:59:38,230 [ERROR] ConditionMgr:805 - Attr not supported : Dmpu
2025-01-10 12:59:38,230 [ERROR] ConditionMgr:805 - Attr not supported : Dmpu
2025-01-10 12:59:38,230 [ERROR] ConditionMgr:805 - Attr not supported : Dmpu
2025-01-10 12:59:38,230 [ERROR] ConditionMgr:805 - Attr not supported : Dmpu
2025-01-10 12:59:38,252 [ERROR] Engine:466 - C:\Users\ADMIN\.stm32cubemx\thirdparties\pdsc\STMicroelectronics.X-CUBE-TCPP.4.2.0.pdsc: PDSC version is not supported
2025-01-10 12:59:38,271 [WARN] PackLoader:240 - Cannot read IP mode file for STMicroelectronics.FP-ATR-SIGFOX1.3.2.0
2025-01-10 12:59:38,290 [WARN] ConditionMgr:438 - getConditionDescription Invalid condition id : Cortex-A Device cause : null
2025-01-10 12:59:38,333 [WARN] ConditionMgr:1039 - genDependencies : Invalid condition id : Cortex-A Device cause : null
2025-01-10 12:59:38,334 [WARN] ConditionMgr:1039 - genDependencies : Invalid condition id : Cortex-A Device cause : null
2025-01-10 12:59:38,334 [WARN] ConditionMgr:1039 - genDependencies : Invalid condition id : Cortex-A Device cause : null
2025-01-10 12:59:38,403 [WARN] PackLoader:240 - Cannot read IP mode file for STMicroelectronics.X-CUBE-EEPRMA1.5.1.0
2025-01-10 12:59:38,542 [WARN] PackLoader:240 - Cannot read IP mode file for ITTIA_DB.I-CUBE-ITTIADB.8.9.0
2025-01-10 12:59:38,605 [WARN] PackLoader:240 - Cannot read IP mode file for SEGGER.I-CUBE-embOS.1.3.1
2025-01-10 12:59:38,697 [WARN] PackLoader:240 - Cannot read IP mode file for STMicroelectronics.X-CUBE-ALGOBUILD.1.4.0
2025-01-10 12:59:38,738 [WARN] PackLoader:240 - Cannot read IP mode file for STMicroelectronics.X-CUBE-AI.9.1.0
2025-01-10 12:59:38,773 [WARN] PackLoader:240 - Cannot read IP mode file for STMicroelectronics.X-CUBE-AZRTOS-F4.1.1.0
2025-01-10 12:59:38,814 [WARN] PackLoader:240 - Cannot read IP mode file for STMicroelectronics.X-CUBE-FREERTOS.1.2.0
2025-01-10 12:59:38,926 [WARN] PackLoader:240 - Cannot read IP mode file for STMicroelectronics.X-CUBE-AZRTOS-L5.2.0.0
2025-01-10 12:59:38,969 [WARN] PackLoader:240 - Cannot read IP mode file for STMicroelectronics.X-CUBE-NFC6.3.1.0
2025-01-10 12:59:38,992 [WARN] PackLoader:240 - Cannot read IP mode file for STMicroelectronics.X-CUBE-AI.9.0.0
2025-01-10 12:59:39,011 [WARN] PackLoader:240 - Cannot read IP mode file for STMicroelectronics.X-CUBE-FREERTOS.1.3.0
2025-01-10 12:59:39,036 [WARN] PackLoader:240 - Cannot read IP mode file for STMicroelectronics.X-CUBE-NFC7.1.0.1
2025-01-10 12:59:39,084 [WARN] ConditionMgr:438 - getConditionDescription Invalid condition id : LAN8742 Phy interface Condition cause : null
2025-01-10 12:59:39,085 [WARN] PackLoader:240 - Cannot read IP mode file for STMicroelectronics.X-CUBE-AZRTOS-L4.2.0.0
2025-01-10 12:59:39,086 [WARN] ConditionMgr:1039 - genDependencies : Invalid condition id : LAN8742 Phy interface Condition cause : null
2025-01-10 12:59:39,086 [WARN] ConditionMgr:1039 - genDependencies : Invalid condition id : LAN8742 Phy interface Condition cause : null
2025-01-10 12:59:39,087 [WARN] ConditionMgr:1039 - genDependencies : Invalid condition id : LAN8742 Phy interface Condition cause : null
2025-01-10 12:59:39,113 [WARN] PackLoader:240 - Cannot read IP mode file for STMicroelectronics.X-CUBE-SFXS2LP1.4.0.0
2025-01-10 12:59:39,138 [WARN] PackLoader:240 - Cannot read IP mode file for STMicroelectronics.X-CUBE-IPS.3.0.0
2025-01-10 12:59:39,181 [ERROR] Engine:466 - STMicroelectronics.X-CUBE-AZRTOS-WB.2.0.0: 
2025-01-10 12:59:39,204 [ERROR] Engine:466 - STMicroelectronics.X-CUBE-GNSS1.7.0.0: 
2025-01-10 12:59:39,228 [WARN] PackLoader:240 - Cannot read IP mode file for STMicroelectronics.X-CUBE-GNSS1.7.0.1
2025-01-10 12:59:39,257 [WARN] PackLoader:240 - Cannot read IP mode file for STMicroelectronics.X-CUBE-SUBG2.5.0.0
2025-01-10 12:59:39,279 [WARN] PackLoader:240 - Cannot read IP mode file for Cesanta.I-CUBE-Mongoose.7.13.0
2025-01-10 12:59:39,320 [WARN] PackLoader:240 - Cannot read IP mode file for STMicroelectronics.X-CUBE-AZRTOS-G4.2.0.0
2025-01-10 12:59:39,342 [ERROR] Engine:466 - C:\Users\ADMIN\.stm32cubemx\thirdparties\pdsc\STMicroelectronics.X-CUBE-IPS.3.1.0.pdsc: PDSC version is not supported
2025-01-10 12:59:39,361 [WARN] PackLoader:240 - Cannot read IP mode file for STMicroelectronics.X-CUBE-ALS.1.0.2
2025-01-10 12:59:39,384 [WARN] PackLoader:240 - Cannot read IP mode file for STMicroelectronics.X-CUBE-TOUCHGFX.4.24.2
2025-01-10 12:59:39,401 [ERROR] Engine:466 - STMicroelectronics.X-CUBE-TOUCHGFX.4.24.1: 
2025-01-10 12:59:39,420 [ERROR] Engine:466 - portGmbH.I-Cube-SoM-uGOAL.1.1.0: 
2025-01-10 12:59:39,454 [WARN] PackLoader:240 - Cannot read IP mode file for STMicroelectronics.X-CUBE-AZRTOS-H7RS.1.0.0
2025-01-10 12:59:39,465 [WARN] PackLoader:240 - Cannot read IP mode file for STMicroelectronics.FP-ATR-ASTRA1.2.0.0
2025-01-10 12:59:39,494 [ERROR] Engine:466 - Infineon.AIROC-Wi-Fi-Bluetooth-STM32.1.6.1: 
2025-01-10 12:59:39,494 [INFO] ThirdParty:978 - Integrity check success = true
2025-01-10 12:59:39,495 [INFO] IntegrityCheckThread:100 - exiting critical section [integrity check]
2025-01-10 12:59:39,495 [INFO] IntegrityCheckThread:103 - End integrity checks thread
2025-01-10 13:22:33,284 [ERROR] LogOutputStream:75 - [STDERR_REDIRECT] 
2025-01-10 15:27:07,408 [INFO] Activator:176 - 


2025-01-10 15:27:07,410 [INFO] Activator:177 - !SESSION log4j initialized
2025-01-10 15:27:09,838 [INFO] LogOutputStream:77 - [STDOUT_REDIRECT] 
2025-01-10 15:27:10,954 [INFO] ApplicationProperties:184 - Using Application install path: C:\ST\STM32CubeIDE_1.16.0\STM32CubeIDE\plugins\com.st.stm32cube.common.mx_6.12.0.202406281431
2025-01-10 15:27:10,973 [INFO] DbMcusXml:78 - Set database path to: C:\ST\STM32CubeIDE_1.16.0\STM32CubeIDE\plugins\com.st.stm32cube.common.mx_6.12.0.202406281431\\db\/mcu/
2025-01-10 15:27:10,973 [INFO] ApiDb:274 - Set plugin database path to: C:\ST\STM32CubeIDE_1.16.0\STM32CubeIDE\plugins\com.st.stm32cube.common.mx_6.12.0.202406281431\\db\/plugins/boardmanager/
2025-01-10 15:27:10,973 [WARN] ApiDb:259 - Overriding images path with different value:  => C:\ST\STM32CubeIDE_1.16.0\STM32CubeIDE\plugins\com.st.stm32cube.common.mx_6.12.0.202406281431\\db\/plugins/mcufinder/images/
2025-01-10 15:27:10,981 [INFO] ApiDb:250 - Set database path to: C:\Users\ADMIN\.stmcufinder\plugins\mcufinder//mcu/
2025-01-10 15:27:10,983 [INFO] DbMcusAds:125 - Set database path to: C:\Users\ADMIN\.stmcufinder\plugins\mcufinder//mcu/
2025-01-10 15:27:10,986 [INFO] CrossReferenceDbSqlite:203 - Set database path to: C:\Users\ADMIN\.stmcufinder\plugins\mcufinder//mcu/cs/
2025-01-10 15:27:11,097 [INFO] RulesReader:64 - Compatibility file has been processed (297 Rules)
2025-01-10 15:27:11,153 [INFO] DbMcusXml:78 - Set database path to: C:\ST\STM32CubeIDE_1.16.0\STM32CubeIDE\plugins\com.st.stm32cube.common.mx_6.12.0.202406281431\\db\/mcu/
2025-01-10 15:27:11,153 [INFO] ApiDb:274 - Set plugin database path to: C:\ST\STM32CubeIDE_1.16.0\STM32CubeIDE\plugins\com.st.stm32cube.common.mx_6.12.0.202406281431\\db\/plugins/boardmanager/
2025-01-10 15:27:11,154 [INFO] ApiDb:261 - Set plugin images path to: C:\ST\STM32CubeIDE_1.16.0\STM32CubeIDE\plugins\com.st.stm32cube.common.mx_6.12.0.202406281431\\db\/plugins/mcufinder/images/
2025-01-10 15:27:11,154 [WARN] DbFile:41 - Overriding database path with different value: C:\Users\ADMIN\.stmcufinder\plugins\mcufinder/ => C:\Users\ADMIN\.stmcufinder\plugins\mcufinder
2025-01-10 15:27:11,154 [INFO] ApiDb:250 - Set database path to: C:\Users\ADMIN\.stmcufinder\plugins\mcufinder//mcu/
2025-01-10 15:27:11,155 [WARN] DbFile:41 - Overriding database path with different value: C:\Users\ADMIN\.stmcufinder\plugins\mcufinder/ => C:\Users\ADMIN\.stmcufinder\plugins\mcufinder
2025-01-10 15:27:11,155 [INFO] DbMcusAds:125 - Set database path to: C:\Users\ADMIN\.stmcufinder\plugins\mcufinder//mcu/
2025-01-10 15:27:11,155 [WARN] DbFile:41 - Overriding database path with different value: C:\Users\ADMIN\.stmcufinder\plugins\mcufinder/ => C:\Users\ADMIN\.stmcufinder\plugins\mcufinder
2025-01-10 15:27:11,155 [WARN] DbFile:41 - Overriding database path with different value: C:\Users\ADMIN\.stmcufinder\plugins\mcufinder/ => C:\Users\ADMIN\.stmcufinder\plugins\mcufinder
2025-01-10 15:27:11,155 [INFO] CrossReferenceDbSqlite:203 - Set database path to: C:\Users\ADMIN\.stmcufinder\plugins\mcufinder//mcu/cs/
2025-01-10 15:27:11,215 [INFO] MainPanel:268 - HeapMemory: 268435456
2025-01-10 15:27:11,285 [INFO] DbMcusXml:78 - Set database path to: C:\ST\STM32CubeIDE_1.16.0\STM32CubeIDE\plugins\com.st.stm32cube.common.mx_6.12.0.202406281431\\db\/mcu/
2025-01-10 15:27:11,286 [INFO] ApiDb:274 - Set plugin database path to: C:\ST\STM32CubeIDE_1.16.0\STM32CubeIDE\plugins\com.st.stm32cube.common.mx_6.12.0.202406281431\\db\/plugins/boardmanager/
2025-01-10 15:27:11,286 [INFO] ApiDb:261 - Set plugin images path to: C:\ST\STM32CubeIDE_1.16.0\STM32CubeIDE\plugins\com.st.stm32cube.common.mx_6.12.0.202406281431\\db\/plugins/mcufinder/images/
2025-01-10 15:27:11,286 [WARN] DbFile:41 - Overriding database path with different value: C:\Users\ADMIN\.stmcufinder\plugins\mcufinder/ => C:\Users\ADMIN\.stmcufinder\plugins\mcufinder
2025-01-10 15:27:11,286 [INFO] ApiDb:250 - Set database path to: C:\Users\ADMIN\.stmcufinder\plugins\mcufinder//mcu/
2025-01-10 15:27:11,286 [WARN] DbFile:41 - Overriding database path with different value: C:\Users\ADMIN\.stmcufinder\plugins\mcufinder/ => C:\Users\ADMIN\.stmcufinder\plugins\mcufinder
2025-01-10 15:27:11,286 [INFO] DbMcusAds:125 - Set database path to: C:\Users\ADMIN\.stmcufinder\plugins\mcufinder//mcu/
2025-01-10 15:27:11,286 [WARN] DbFile:41 - Overriding database path with different value: C:\Users\ADMIN\.stmcufinder\plugins\mcufinder/ => C:\Users\ADMIN\.stmcufinder\plugins\mcufinder
2025-01-10 15:27:11,286 [WARN] DbFile:41 - Overriding database path with different value: C:\Users\ADMIN\.stmcufinder\plugins\mcufinder/ => C:\Users\ADMIN\.stmcufinder\plugins\mcufinder
2025-01-10 15:27:11,286 [INFO] CrossReferenceDbSqlite:203 - Set database path to: C:\Users\ADMIN\.stmcufinder\plugins\mcufinder//mcu/cs/
2025-01-10 15:27:11,300 [INFO] ApplicationProperties:184 - Using Application install path: C:\ST\STM32CubeIDE_1.16.0\STM32CubeIDE\plugins\com.st.stm32cube.common.mx_6.12.0.202406281431
2025-01-10 15:27:11,302 [INFO] PluginManage:196 - Search for loadable plugins [exclusion list=, ]
2025-01-10 15:27:11,303 [INFO] PluginManage:310 - Check plugin analytics
2025-01-10 15:27:11,443 [INFO] AnalyticsPlugin:253 - Accepted Software Licenses: 
2025-01-10 15:27:11,444 [INFO] AnalyticsPlugin:255 - Accepted CMSIS Pack Licenses: 
2025-01-10 15:27:11,444 [INFO] AnalyticsPlugin:257 - Accepted Firmware Licenses: FW.F4.1.28.0
2025-01-10 15:27:11,448 [INFO] PluginManage:359 - Loaded plugin analytics (category:tool,tabindex:-1)
2025-01-10 15:27:11,448 [INFO] PluginManage:310 - Check plugin cadmodel
2025-01-10 15:27:11,451 [INFO] CADModel:105 - Init CAD model plugin
2025-01-10 15:27:11,452 [INFO] PluginManage:359 - Loaded plugin cadmodel (category:power,tabindex:5)
2025-01-10 15:27:11,452 [INFO] PluginManage:310 - Check plugin clock
2025-01-10 15:27:11,458 [INFO] PluginManage:359 - Loaded plugin clock (category:base,tabindex:2)
2025-01-10 15:27:11,458 [INFO] PluginManage:310 - Check plugin ddr
2025-01-10 15:27:11,459 [INFO] PluginManage:359 - Loaded plugin ddr (category:tool,tabindex:6)
2025-01-10 15:27:11,460 [INFO] PluginManage:310 - Check plugin filemanager
2025-01-10 15:27:11,591 [INFO] PluginManage:359 - Loaded plugin filemanager (category:base,tabindex:10)
2025-01-10 15:27:11,591 [INFO] PluginManage:310 - Check plugin ipmanager
2025-01-10 15:27:11,598 [INFO] PluginManage:359 - Loaded plugin ipmanager (category:base,tabindex:5)
2025-01-10 15:27:11,598 [INFO] PluginManage:310 - Check plugin lpbam
2025-01-10 15:27:11,605 [INFO] PluginManage:359 - Loaded plugin lpbam (category:base,tabindex:0)
2025-01-10 15:27:11,605 [INFO] PluginManage:310 - Check plugin memorymap
2025-01-10 15:27:11,614 [INFO] PluginManage:359 - Loaded plugin memorymap (category:base,tabindex:4)
2025-01-10 15:27:11,615 [INFO] PluginManage:310 - Check plugin pinoutandconfiguration
2025-01-10 15:27:11,620 [INFO] PluginManage:359 - Loaded plugin pinoutandconfiguration (category:base,tabindex:1)
2025-01-10 15:27:11,620 [INFO] PluginManage:310 - Check plugin pinoutconfig
2025-01-10 15:27:11,685 [WARN] SupportedApi:132 - Cannot load RTOS API schema: s4s-elt-must-match.1: The content of 'definitions' must match (annotation?, (simpleType | complexType)?, (unique | key | keyref)*)). A problem was found starting at: attribute.
2025-01-10 15:27:11,788 [INFO] PluginManage:359 - Loaded plugin pinoutconfig (category:base,tabindex:0)
2025-01-10 15:27:11,789 [INFO] PluginManage:310 - Check plugin power
2025-01-10 15:27:11,795 [INFO] PluginManage:359 - Loaded plugin power (category:power,tabindex:4)
2025-01-10 15:27:11,795 [INFO] PluginManage:310 - Check plugin projectmanager
2025-01-10 15:27:11,807 [INFO] PluginManage:359 - Loaded plugin projectmanager (category:projectmanager,tabindex:4)
2025-01-10 15:27:11,807 [INFO] PluginManage:310 - Check plugin rif
2025-01-10 15:27:11,811 [INFO] PluginManage:359 - Loaded plugin rif (category:base,tabindex:3)
2025-01-10 15:27:11,812 [INFO] PluginManage:310 - Check plugin thirdparty
2025-01-10 15:27:11,905 [WARN] IntegrityCheckThread:84 - waiting for thirdparty lock release [integrity check]
2025-01-10 15:27:11,905 [INFO] IntegrityCheckThread:86 - entering critical section [integrity check]
2025-01-10 15:27:11,905 [INFO] PluginManage:359 - Loaded plugin thirdparty (category:base,tabindex:-1)
2025-01-10 15:27:11,905 [INFO] PluginManage:310 - Check plugin tools
2025-01-10 15:27:11,905 [INFO] ThirdPartyUpdaterWithRetryManager:70 - Updater plugin not ready yet. [1/15]
2025-01-10 15:27:11,907 [INFO] PluginManage:359 - Loaded plugin tools (category:base,tabindex:7)
2025-01-10 15:27:11,907 [INFO] PluginManage:310 - Check plugin tutovideos
2025-01-10 15:27:12,028 [INFO] PluginManage:359 - Loaded plugin tutovideos (category:base,tabindex:-1)
2025-01-10 15:27:12,028 [INFO] PluginManage:310 - Check plugin updater
2025-01-10 15:27:12,038 [INFO] PluginManage:359 - Loaded plugin updater (category:base,tabindex:12)
2025-01-10 15:27:12,039 [INFO] PluginManage:310 - Check plugin userauth
2025-01-10 15:27:12,043 [INFO] UserAuth:113 - Init User Auth plugin
2025-01-10 15:27:12,043 [INFO] PluginManage:359 - Loaded plugin userauth (category:base,tabindex:14)
2025-01-10 15:27:12,043 [INFO] PluginManage:283 - PluginManage : Loaded plugins [18]
2025-01-10 15:27:12,191 [INFO] PinOutPanel:1561 - setPackage(No Configuration,No Configuration)
2025-01-10 15:27:12,251 [INFO] CADModel:165 - CPN selected for project level
2025-01-10 15:27:12,251 [INFO] CADModel:114 - Register for checkConnection events
2025-01-10 15:27:12,264 [INFO] IPUIPlugin:80 - create IPUIPlugin
2025-01-10 15:27:12,264 [INFO] PluginManager:220 - loadIPPluginJar : add adc
2025-01-10 15:27:12,266 [INFO] IPUIPlugin:80 - create IPUIPlugin
2025-01-10 15:27:12,266 [INFO] PluginManager:220 - loadIPPluginJar : add aes
2025-01-10 15:27:12,268 [INFO] IPUIPlugin:80 - create IPUIPlugin
2025-01-10 15:27:12,268 [INFO] PluginManager:220 - loadIPPluginJar : add can
2025-01-10 15:27:12,270 [INFO] IPUIPlugin:80 - create IPUIPlugin
2025-01-10 15:27:12,270 [INFO] PluginManager:220 - loadIPPluginJar : add comp
2025-01-10 15:27:12,272 [INFO] IPUIPlugin:80 - create IPUIPlugin
2025-01-10 15:27:12,272 [INFO] PluginManager:220 - loadIPPluginJar : add cryp
2025-01-10 15:27:12,273 [INFO] IPUIPlugin:80 - create IPUIPlugin
2025-01-10 15:27:12,274 [INFO] PluginManager:220 - loadIPPluginJar : add ddr_ctrl_phy
2025-01-10 15:27:12,275 [INFO] IPUIPlugin:80 - create IPUIPlugin
2025-01-10 15:27:12,275 [INFO] PluginManager:220 - loadIPPluginJar : add dfsdm
2025-01-10 15:27:12,279 [INFO] IPUIPlugin:80 - create IPUIPlugin
2025-01-10 15:27:12,279 [INFO] PluginManager:220 - loadIPPluginJar : add dma
2025-01-10 15:27:12,281 [INFO] IPUIPlugin:80 - create IPUIPlugin
2025-01-10 15:27:12,281 [INFO] PluginManager:220 - loadIPPluginJar : add dma3
2025-01-10 15:27:12,283 [INFO] IPUIPlugin:80 - create IPUIPlugin
2025-01-10 15:27:12,283 [INFO] PluginManager:220 - loadIPPluginJar : add extmemmanager
2025-01-10 15:27:12,284 [INFO] IPUIPlugin:80 - create IPUIPlugin
2025-01-10 15:27:12,284 [INFO] PluginManager:220 - loadIPPluginJar : add fatfs
2025-01-10 15:27:12,287 [INFO] IPUIPlugin:80 - create IPUIPlugin
2025-01-10 15:27:12,287 [INFO] PluginManager:220 - loadIPPluginJar : add fmc
2025-01-10 15:27:12,292 [INFO] IPUIPlugin:80 - create IPUIPlugin
2025-01-10 15:27:12,292 [INFO] PluginManager:220 - loadIPPluginJar : add freertos
2025-01-10 15:27:12,293 [INFO] IPUIPlugin:80 - create IPUIPlugin
2025-01-10 15:27:12,293 [INFO] PluginManager:220 - loadIPPluginJar : add genericplugin
2025-01-10 15:27:12,295 [INFO] IPUIPlugin:80 - create IPUIPlugin
2025-01-10 15:27:12,295 [INFO] PluginManager:220 - loadIPPluginJar : add gfxmmu
2025-01-10 15:27:12,300 [INFO] IPUIPlugin:80 - create IPUIPlugin
2025-01-10 15:27:12,300 [INFO] PluginManager:220 - loadIPPluginJar : add gic
2025-01-10 15:27:12,302 [INFO] IPUIPlugin:80 - create IPUIPlugin
2025-01-10 15:27:12,302 [INFO] PluginManager:220 - loadIPPluginJar : add gpio
2025-01-10 15:27:12,304 [INFO] IPUIPlugin:80 - create IPUIPlugin
2025-01-10 15:27:12,304 [INFO] PluginManager:220 - loadIPPluginJar : add gtzc
2025-01-10 15:27:12,306 [INFO] IPUIPlugin:80 - create IPUIPlugin
2025-01-10 15:27:12,306 [INFO] PluginManager:220 - loadIPPluginJar : add hash
2025-01-10 15:27:12,308 [INFO] IPUIPlugin:80 - create IPUIPlugin
2025-01-10 15:27:12,308 [INFO] PluginManager:220 - loadIPPluginJar : add i2c
2025-01-10 15:27:12,309 [INFO] IPUIPlugin:80 - create IPUIPlugin
2025-01-10 15:27:12,309 [INFO] PluginManager:220 - loadIPPluginJar : add i2s
2025-01-10 15:27:12,311 [INFO] IPUIPlugin:80 - create IPUIPlugin
2025-01-10 15:27:12,311 [INFO] PluginManager:220 - loadIPPluginJar : add i3c
2025-01-10 15:27:12,313 [INFO] IPUIPlugin:80 - create IPUIPlugin
2025-01-10 15:27:12,313 [INFO] PluginManager:220 - loadIPPluginJar : add ipddr
2025-01-10 15:27:12,318 [INFO] IPUIPlugin:80 - create IPUIPlugin
2025-01-10 15:27:12,318 [INFO] PluginManager:220 - loadIPPluginJar : add linkedlist
2025-01-10 15:27:12,320 [INFO] IPUIPlugin:80 - create IPUIPlugin
2025-01-10 15:27:12,320 [INFO] PluginManager:220 - loadIPPluginJar : add lorawan
2025-01-10 15:27:12,321 [INFO] IPUIPlugin:80 - create IPUIPlugin
2025-01-10 15:27:12,321 [INFO] PluginManager:220 - loadIPPluginJar : add ltdc
2025-01-10 15:27:12,325 [INFO] IPUIPlugin:80 - create IPUIPlugin
2025-01-10 15:27:12,325 [INFO] PluginManager:220 - loadIPPluginJar : add mdma
2025-01-10 15:27:12,328 [INFO] IPUIPlugin:80 - create IPUIPlugin
2025-01-10 15:27:12,328 [INFO] PluginManager:220 - loadIPPluginJar : add nvic
2025-01-10 15:27:12,329 [INFO] IPUIPlugin:80 - create IPUIPlugin
2025-01-10 15:27:12,329 [INFO] PluginManager:220 - loadIPPluginJar : add opamp
2025-01-10 15:27:12,331 [INFO] IPUIPlugin:80 - create IPUIPlugin
2025-01-10 15:27:12,331 [INFO] PluginManager:220 - loadIPPluginJar : add openamp
2025-01-10 15:27:12,333 [INFO] IPUIPlugin:80 - create IPUIPlugin
2025-01-10 15:27:12,333 [INFO] PluginManager:220 - loadIPPluginJar : add pdm2pcm
2025-01-10 15:27:12,338 [INFO] IPUIPlugin:80 - create IPUIPlugin
2025-01-10 15:27:12,341 [INFO] PluginManager:220 - loadIPPluginJar : add plateformsettings
2025-01-10 15:27:12,342 [INFO] IPUIPlugin:80 - create IPUIPlugin
2025-01-10 15:27:12,342 [INFO] PluginManager:220 - loadIPPluginJar : add quadspi
2025-01-10 15:27:12,343 [INFO] IPUIPlugin:80 - create IPUIPlugin
2025-01-10 15:27:12,343 [INFO] PluginManager:220 - loadIPPluginJar : add radio
2025-01-10 15:27:12,346 [INFO] IPUIPlugin:80 - create IPUIPlugin
2025-01-10 15:27:12,346 [INFO] PluginManager:220 - loadIPPluginJar : add resmgrutility
2025-01-10 15:27:12,349 [INFO] IPUIPlugin:80 - create IPUIPlugin
2025-01-10 15:27:12,350 [INFO] PluginManager:220 - loadIPPluginJar : add sai
2025-01-10 15:27:12,351 [INFO] IPUIPlugin:80 - create IPUIPlugin
2025-01-10 15:27:12,351 [INFO] PluginManager:220 - loadIPPluginJar : add spi
2025-01-10 15:27:12,355 [INFO] IPUIPlugin:80 - create IPUIPlugin
2025-01-10 15:27:12,355 [INFO] PluginManager:220 - loadIPPluginJar : add stm32_wpan
2025-01-10 15:27:12,356 [INFO] IPUIPlugin:80 - create IPUIPlugin
2025-01-10 15:27:12,357 [INFO] PluginManager:220 - loadIPPluginJar : add tim
2025-01-10 15:27:12,359 [INFO] IPUIPlugin:80 - create IPUIPlugin
2025-01-10 15:27:12,359 [INFO] PluginManager:220 - loadIPPluginJar : add touchsensing
2025-01-10 15:27:12,361 [INFO] IPUIPlugin:80 - create IPUIPlugin
2025-01-10 15:27:12,362 [INFO] PluginManager:220 - loadIPPluginJar : add tracer_emb
2025-01-10 15:27:12,363 [INFO] IPUIPlugin:80 - create IPUIPlugin
2025-01-10 15:27:12,363 [INFO] PluginManager:220 - loadIPPluginJar : add ts
2025-01-10 15:27:12,364 [INFO] IPUIPlugin:80 - create IPUIPlugin
2025-01-10 15:27:12,364 [INFO] PluginManager:220 - loadIPPluginJar : add tsc
2025-01-10 15:27:12,365 [INFO] IPUIPlugin:80 - create IPUIPlugin
2025-01-10 15:27:12,365 [INFO] PluginManager:220 - loadIPPluginJar : add ucpd
2025-01-10 15:27:12,368 [INFO] IPUIPlugin:80 - create IPUIPlugin
2025-01-10 15:27:12,368 [INFO] PluginManager:220 - loadIPPluginJar : add usart
2025-01-10 15:27:12,370 [INFO] IPUIPlugin:80 - create IPUIPlugin
2025-01-10 15:27:12,370 [INFO] PluginManager:220 - loadIPPluginJar : add usbx
2025-01-10 15:27:12,484 [INFO] CADModel:165 - CPN selected for project level
2025-01-10 15:27:12,485 [INFO] CADModel:114 - Register for checkConnection events
2025-01-10 15:27:12,485 [FATAL] Updater:334 - Updater called before beeing initialized
2025-01-10 15:27:12,485 [ERROR] CADModel:125 - Updater not yet initialized, retry later 
2025-01-10 15:27:12,590 [INFO] CADModel:165 - CPN selected for project level
2025-01-10 15:27:12,590 [INFO] CADModel:114 - Register for checkConnection events
2025-01-10 15:27:12,590 [FATAL] Updater:334 - Updater called before beeing initialized
2025-01-10 15:27:12,590 [ERROR] CADModel:125 - Updater not yet initialized, retry later 
2025-01-10 15:27:12,593 [FATAL] Updater:334 - Updater called before beeing initialized
2025-01-10 15:27:12,667 [FATAL] Updater:334 - Updater called before beeing initialized
2025-01-10 15:27:12,670 [INFO] DbMcusAds:53 - JSON generation date=Tue Dec 17 23:01:15 ICT 2024 (1734451275222)
2025-01-10 15:27:12,671 [FATAL] Updater:334 - Updater called before beeing initialized
2025-01-10 15:27:12,696 [WARN] DetailPanel:346 - Failed to get advertising image, set to default
2025-01-10 15:27:12,774 [FATAL] Updater:334 - Updater called before beeing initialized
2025-01-10 15:27:12,775 [FATAL] Updater:334 - Updater called before beeing initialized
2025-01-10 15:27:12,776 [FATAL] Updater:334 - Updater called before beeing initialized
2025-01-10 15:27:12,776 [WARN] DetailPanel:346 - Failed to get advertising image, set to default
2025-01-10 15:27:12,776 [FATAL] Updater:334 - Updater called before beeing initialized
2025-01-10 15:27:12,813 [ERROR] Updater:1164 - MainUpdater not yet initialized. External WinMGr cannot be set.
2025-01-10 15:27:12,814 [INFO] Updater:1100 - Updater Version found : 6.12.0
2025-01-10 15:27:12,829 [INFO] ApplicationProperties:184 - Using Application install path: C:\ST\STM32CubeIDE_1.16.0\STM32CubeIDE\plugins\com.st.stm32cube.common.mx_6.12.0.202406281431
2025-01-10 15:27:14,396 [ERROR] LogOutputStream:75 - [STDERR_REDIRECT] Jan 10, 2025 3:27:14 PM java.util.prefs.WindowsPreferences <init>
2025-01-10 15:27:14,397 [ERROR] LogOutputStream:75 - [STDERR_REDIRECT] WARNING: Could not open/create prefs root node Software\JavaSoft\Prefs at root 0xffffffff80000002. Windows RegCreateKeyEx(...) returned error code 5.
2025-01-10 15:27:14,397 [ERROR] LogOutputStream:75 - [STDERR_REDIRECT] 
2025-01-10 15:27:14,907 [INFO] ThirdPartyUpdaterWithRetryManager:70 - Updater plugin not ready yet. [2/15]
2025-01-10 15:27:15,071 [INFO] MainUpdater:2873 - connection check result : 10
2025-01-10 15:27:15,071 [INFO] MainUpdater:290 - Updater Check For Update Now.
2025-01-10 15:27:15,072 [INFO] MicroXplorer:498 - Change Database Version : DB.6.0.120
2025-01-10 15:27:15,080 [INFO] McuFinderGlobals:63 - Set McuFinder mode to 2 (CubeIDE integrated)
2025-01-10 15:27:15,080 [INFO] UserAuth:179 - activating auth plugin
2025-01-10 15:27:15,085 [INFO] UserAuth:417 - Internet connection configuration mode: 1
2025-01-10 15:27:15,111 [INFO] JxBrowserEngine:152 - Initiate JxBrowser Engine with user profile folder
2025-01-10 15:27:15,241 [INFO] CheckServerUpdateThread:120 - End of CheckServer Thread
2025-01-10 15:27:15,695 [INFO] WebApp:167 - Instantiating new browser for Auth
2025-01-10 15:27:16,237 [INFO] WebApp:448 - Apply proxy settings
2025-01-10 15:27:16,237 [INFO] WebApp:533 - Chromium requires no authentication
2025-01-10 15:27:16,244 [INFO] WebApp:476 - Direct internet connection detected
2025-01-10 15:27:16,261 [INFO] WebApp:869 - Register for checkConnection events
2025-01-10 15:27:16,261 [INFO] WebApp:448 - Apply proxy settings
2025-01-10 15:27:16,262 [INFO] WebApp:533 - Chromium requires no authentication
2025-01-10 15:27:16,262 [INFO] WebApp:476 - Direct internet connection detected
2025-01-10 15:27:16,415 [INFO] WebApp:220 - Starting web application
2025-01-10 15:27:16,415 [INFO] WebApp:578 - Web application path used C:\ST\STM32CubeIDE_1.16.0\STM32CubeIDE\plugins\com.st.stm32cube.common.mx_6.12.0.202406281431\db\plugins\mcufinder\reactClient1\index.html
2025-01-10 15:27:17,291 [INFO] WebApp:186 - Connection restablished
2025-01-10 15:27:18,043 [WARN] PackLoader:240 - Cannot read IP mode file for STMicroelectronics.FP-SNS-MOTENVWB1.1.4.0
2025-01-10 15:27:18,053 [WARN] PackLoader:240 - Cannot read IP mode file for STMicroelectronics.FP-ATR-ASTRA1.2.0.1
2025-01-10 15:27:18,064 [WARN] PackLoader:240 - Cannot read IP mode file for STMicroelectronics.X-CUBE-SMBUS.2.1.0
2025-01-10 15:27:18,072 [WARN] PackLoader:240 - Cannot read IP mode file for STMicroelectronics.X-CUBE-WB05N.1.1.0
2025-01-10 15:27:18,101 [WARN] PackLoader:240 - Cannot read IP mode file for STMicroelectronics.X-CUBE-AZRTOS-F7.1.1.0
2025-01-10 15:27:18,155 [WARN] PackLoader:240 - Cannot read IP mode file for STMicroelectronics.X-CUBE-MEMS1.11.0.0
2025-01-10 15:27:18,237 [WARN] PackLoader:240 - Cannot read IP mode file for STMicroelectronics.FP-SNS-FLIGHT1.5.0.2
2025-01-10 15:27:18,243 [WARN] PackLoader:240 - Cannot read IP mode file for STMicroelectronics.X-CUBE-DISPLAY.3.0.0
2025-01-10 15:27:18,249 [WARN] PackLoader:240 - Cannot read IP mode file for STMicroelectronics.X-CUBE-BLE1.7.0.0
2025-01-10 15:27:18,253 [WARN] PackLoader:240 - Cannot read IP mode file for STMicroelectronics.X-CUBE-NFC10.1.0.0
2025-01-10 15:27:18,259 [WARN] PackLoader:240 - Cannot read IP mode file for STMicroelectronics.X-CUBE-BLEMGR.4.0.0
2025-01-10 15:27:18,266 [WARN] PackLoader:240 - Cannot read IP mode file for STMicroelectronics.X-CUBE-BLEMGR.3.1.0
2025-01-10 15:27:18,270 [WARN] PackLoader:240 - Cannot read IP mode file for STMicroelectronics.FP-SNS-SMARTAG2.1.2.0
2025-01-10 15:27:18,299 [WARN] PackLoader:240 - Cannot read IP mode file for STMicroelectronics.X-CUBE-MEMS1.11.1.0
2025-01-10 15:27:18,370 [INFO] LogOutputStream:77 - [STDOUT_REDIRECT] 1 : Invalid condition id : UX_CORESTACK_Condition cause : null
2025-01-10 15:27:18,370 [INFO] LogOutputStream:77 - [STDOUT_REDIRECT] 1 : Invalid condition id : UX_CORESTACK_Condition cause : null
2025-01-10 15:27:18,371 [INFO] LogOutputStream:77 - [STDOUT_REDIRECT] 1 : Invalid condition id : UX_CORESTACK_Condition cause : null
2025-01-10 15:27:18,371 [INFO] LogOutputStream:77 - [STDOUT_REDIRECT] 1 : Invalid condition id : UX_CORESTACK_Condition cause : null
2025-01-10 15:27:18,372 [INFO] LogOutputStream:77 - [STDOUT_REDIRECT] 1 : Invalid condition id : UX_CORESTACK_Condition cause : null
2025-01-10 15:27:18,373 [WARN] PackLoader:240 - Cannot read IP mode file for STMicroelectronics.X-CUBE-AZRTOS-WL.2.0.0
2025-01-10 15:27:18,377 [WARN] PackLoader:240 - Cannot read IP mode file for STMicroelectronics.FP-SNS-MOTENV1.5.0.0
2025-01-10 15:27:18,381 [WARN] PackLoader:240 - Cannot read IP mode file for wolfSSL.I-CUBE-wolfMQTT.1.19.0
2025-01-10 15:27:18,386 [WARN] PackLoader:240 - Cannot read IP mode file for WES.I-CUBE-Cesium.1.3.0
2025-01-10 15:27:18,390 [WARN] PackLoader:240 - Cannot read IP mode file for STMicroelectronics.X-CUBE-BLE2.3.3.0
2025-01-10 15:27:18,393 [WARN] PackLoader:240 - Cannot read IP mode file for STMicroelectronics.X-CUBE-NFC9.1.0.0
2025-01-10 15:27:18,397 [WARN] PackLoader:240 - Cannot read IP mode file for STMicroelectronics.X-CUBE-TCPP.4.1.0
2025-01-10 15:27:18,406 [WARN] PackLoader:240 - Cannot read IP mode file for STMicroelectronics.X-CUBE-AZRTOS-G0.1.1.0
2025-01-10 15:27:18,411 [WARN] PackLoader:240 - Cannot read IP mode file for STMicroelectronics.X-CUBE-SAFEA1.1.2.2
2025-01-10 15:27:18,415 [WARN] PackLoader:240 - Cannot read IP mode file for STMicroelectronics.X-CUBE-NFC4.3.0.0
2025-01-10 15:27:18,425 [WARN] PackLoader:240 - Cannot read IP mode file for EmbeddedOffice.I-CUBE-FS-RTOS.1.0.1
2025-01-10 15:27:18,425 [ERROR] ConditionMgr:805 - Attr not supported : Dmpu
2025-01-10 15:27:18,425 [ERROR] ConditionMgr:805 - Attr not supported : Dmpu
2025-01-10 15:27:18,425 [ERROR] ConditionMgr:805 - Attr not supported : Dmpu
2025-01-10 15:27:18,425 [ERROR] ConditionMgr:805 - Attr not supported : Dmpu
2025-01-10 15:27:18,425 [ERROR] ConditionMgr:805 - Attr not supported : Dmpu
2025-01-10 15:27:18,425 [ERROR] ConditionMgr:805 - Attr not supported : Dmpu
2025-01-10 15:27:18,426 [ERROR] ConditionMgr:805 - Attr not supported : Dmpu
2025-01-10 15:27:18,426 [ERROR] ConditionMgr:805 - Attr not supported : Dmpu
2025-01-10 15:27:18,426 [ERROR] ConditionMgr:805 - Attr not supported : Dmpu
2025-01-10 15:27:18,426 [ERROR] ConditionMgr:805 - Attr not supported : Dmpu
2025-01-10 15:27:18,426 [ERROR] ConditionMgr:805 - Attr not supported : Dmpu
2025-01-10 15:27:18,426 [ERROR] ConditionMgr:805 - Attr not supported : Dmpu
2025-01-10 15:27:18,426 [ERROR] ConditionMgr:805 - Attr not supported : Dmpu
2025-01-10 15:27:18,426 [ERROR] ConditionMgr:805 - Attr not supported : Dmpu
2025-01-10 15:27:18,426 [ERROR] ConditionMgr:805 - Attr not supported : Dmpu
2025-01-10 15:27:18,426 [ERROR] ConditionMgr:805 - Attr not supported : Dmpu
2025-01-10 15:27:18,426 [ERROR] ConditionMgr:805 - Attr not supported : Dmpu
2025-01-10 15:27:18,426 [ERROR] ConditionMgr:805 - Attr not supported : Dmpu
2025-01-10 15:27:18,426 [ERROR] ConditionMgr:805 - Attr not supported : Dmpu
2025-01-10 15:27:18,426 [ERROR] ConditionMgr:805 - Attr not supported : Dmpu
2025-01-10 15:27:18,426 [ERROR] ConditionMgr:805 - Attr not supported : Dmpu
2025-01-10 15:27:18,426 [ERROR] ConditionMgr:805 - Attr not supported : Dmpu
2025-01-10 15:27:18,426 [ERROR] ConditionMgr:805 - Attr not supported : Dmpu
2025-01-10 15:27:18,426 [ERROR] ConditionMgr:805 - Attr not supported : Dmpu
2025-01-10 15:27:18,426 [ERROR] ConditionMgr:805 - Attr not supported : Dmpu
2025-01-10 15:27:18,426 [ERROR] ConditionMgr:805 - Attr not supported : Dmpu
2025-01-10 15:27:18,426 [ERROR] ConditionMgr:805 - Attr not supported : Dmpu
2025-01-10 15:27:18,426 [ERROR] ConditionMgr:805 - Attr not supported : Dmpu
2025-01-10 15:27:18,426 [ERROR] ConditionMgr:805 - Attr not supported : Dmpu
2025-01-10 15:27:18,426 [ERROR] ConditionMgr:805 - Attr not supported : Dmpu
2025-01-10 15:27:18,426 [ERROR] ConditionMgr:805 - Attr not supported : Dmpu
2025-01-10 15:27:18,426 [ERROR] ConditionMgr:805 - Attr not supported : Dmpu
2025-01-10 15:27:18,426 [ERROR] ConditionMgr:805 - Attr not supported : Dmpu
2025-01-10 15:27:18,426 [ERROR] ConditionMgr:805 - Attr not supported : Dmpu
2025-01-10 15:27:18,426 [ERROR] ConditionMgr:805 - Attr not supported : Dmpu
2025-01-10 15:27:18,426 [ERROR] ConditionMgr:805 - Attr not supported : Dmpu
2025-01-10 15:27:18,426 [ERROR] ConditionMgr:805 - Attr not supported : Dmpu
2025-01-10 15:27:18,426 [ERROR] ConditionMgr:805 - Attr not supported : Dmpu
2025-01-10 15:27:18,426 [ERROR] ConditionMgr:805 - Attr not supported : Dmpu
2025-01-10 15:27:18,427 [ERROR] ConditionMgr:805 - Attr not supported : Dmpu
2025-01-10 15:27:18,427 [ERROR] ConditionMgr:805 - Attr not supported : Dmpu
2025-01-10 15:27:18,427 [ERROR] ConditionMgr:805 - Attr not supported : Dmpu
2025-01-10 15:27:18,427 [ERROR] ConditionMgr:805 - Attr not supported : Dmpu
2025-01-10 15:27:18,427 [ERROR] ConditionMgr:805 - Attr not supported : Dmpu
2025-01-10 15:27:18,427 [ERROR] ConditionMgr:805 - Attr not supported : Dmpu
2025-01-10 15:27:18,427 [ERROR] ConditionMgr:805 - Attr not supported : Dmpu
2025-01-10 15:27:18,427 [ERROR] ConditionMgr:805 - Attr not supported : Dmpu
2025-01-10 15:27:18,427 [ERROR] ConditionMgr:805 - Attr not supported : Dmpu
2025-01-10 15:27:18,427 [ERROR] ConditionMgr:805 - Attr not supported : Dmpu
2025-01-10 15:27:18,427 [ERROR] ConditionMgr:805 - Attr not supported : Dmpu
2025-01-10 15:27:18,427 [ERROR] ConditionMgr:805 - Attr not supported : Dmpu
2025-01-10 15:27:18,427 [ERROR] ConditionMgr:805 - Attr not supported : Dmpu
2025-01-10 15:27:18,427 [ERROR] ConditionMgr:805 - Attr not supported : Dmpu
2025-01-10 15:27:18,427 [ERROR] ConditionMgr:805 - Attr not supported : Dmpu
2025-01-10 15:27:18,427 [ERROR] ConditionMgr:805 - Attr not supported : Dmpu
2025-01-10 15:27:18,427 [ERROR] ConditionMgr:805 - Attr not supported : Dmpu
2025-01-10 15:27:18,427 [ERROR] ConditionMgr:805 - Attr not supported : Dmpu
2025-01-10 15:27:18,427 [ERROR] ConditionMgr:805 - Attr not supported : Dmpu
2025-01-10 15:27:18,427 [ERROR] ConditionMgr:805 - Attr not supported : Dmpu
2025-01-10 15:27:18,427 [ERROR] ConditionMgr:805 - Attr not supported : Dmpu
2025-01-10 15:27:18,427 [ERROR] ConditionMgr:805 - Attr not supported : Dmpu
2025-01-10 15:27:18,427 [ERROR] ConditionMgr:805 - Attr not supported : Dmpu
2025-01-10 15:27:18,427 [ERROR] ConditionMgr:805 - Attr not supported : Dmpu
2025-01-10 15:27:18,427 [ERROR] ConditionMgr:805 - Attr not supported : Dmpu
2025-01-10 15:27:18,430 [ERROR] Engine:466 - C:\Users\ADMIN\.stm32cubemx\thirdparties\pdsc\STMicroelectronics.X-CUBE-TCPP.4.2.0.pdsc: PDSC version is not supported
2025-01-10 15:27:18,433 [WARN] PackLoader:240 - Cannot read IP mode file for STMicroelectronics.FP-ATR-SIGFOX1.3.2.0
2025-01-10 15:27:18,437 [WARN] ConditionMgr:438 - getConditionDescription Invalid condition id : Cortex-A Device cause : null
2025-01-10 15:27:18,471 [WARN] ConditionMgr:1039 - genDependencies : Invalid condition id : Cortex-A Device cause : null
2025-01-10 15:27:18,471 [WARN] ConditionMgr:1039 - genDependencies : Invalid condition id : Cortex-A Device cause : null
2025-01-10 15:27:18,471 [WARN] ConditionMgr:1039 - genDependencies : Invalid condition id : Cortex-A Device cause : null
2025-01-10 15:27:18,474 [WARN] PackLoader:240 - Cannot read IP mode file for STMicroelectronics.X-CUBE-EEPRMA1.5.1.0
2025-01-10 15:27:18,479 [WARN] PackLoader:240 - Cannot read IP mode file for ITTIA_DB.I-CUBE-ITTIADB.8.9.0
2025-01-10 15:27:18,500 [WARN] PackLoader:240 - Cannot read IP mode file for SEGGER.I-CUBE-embOS.1.3.1
2025-01-10 15:27:18,523 [WARN] PackLoader:240 - Cannot read IP mode file for STMicroelectronics.X-CUBE-ALGOBUILD.1.4.0
2025-01-10 15:27:18,526 [WARN] PackLoader:240 - Cannot read IP mode file for STMicroelectronics.X-CUBE-AI.9.1.0
2025-01-10 15:27:18,535 [WARN] PackLoader:240 - Cannot read IP mode file for STMicroelectronics.X-CUBE-AZRTOS-F4.1.1.0
2025-01-10 15:27:18,540 [WARN] PackLoader:240 - Cannot read IP mode file for STMicroelectronics.X-CUBE-FREERTOS.1.2.0
2025-01-10 15:27:18,550 [WARN] PackLoader:240 - Cannot read IP mode file for STMicroelectronics.X-CUBE-AZRTOS-L5.2.0.0
2025-01-10 15:27:18,557 [WARN] PackLoader:240 - Cannot read IP mode file for STMicroelectronics.X-CUBE-NFC6.3.1.0
2025-01-10 15:27:18,561 [WARN] PackLoader:240 - Cannot read IP mode file for STMicroelectronics.X-CUBE-AI.9.0.0
2025-01-10 15:27:18,564 [WARN] PackLoader:240 - Cannot read IP mode file for STMicroelectronics.X-CUBE-FREERTOS.1.3.0
2025-01-10 15:27:18,569 [WARN] PackLoader:240 - Cannot read IP mode file for STMicroelectronics.X-CUBE-NFC7.1.0.1
2025-01-10 15:27:18,583 [WARN] ConditionMgr:438 - getConditionDescription Invalid condition id : LAN8742 Phy interface Condition cause : null
2025-01-10 15:27:18,583 [WARN] PackLoader:240 - Cannot read IP mode file for STMicroelectronics.X-CUBE-AZRTOS-L4.2.0.0
2025-01-10 15:27:18,584 [WARN] ConditionMgr:1039 - genDependencies : Invalid condition id : LAN8742 Phy interface Condition cause : null
2025-01-10 15:27:18,584 [WARN] ConditionMgr:1039 - genDependencies : Invalid condition id : LAN8742 Phy interface Condition cause : null
2025-01-10 15:27:18,584 [WARN] ConditionMgr:1039 - genDependencies : Invalid condition id : LAN8742 Phy interface Condition cause : null
2025-01-10 15:27:18,590 [WARN] PackLoader:240 - Cannot read IP mode file for STMicroelectronics.X-CUBE-SFXS2LP1.4.0.0
2025-01-10 15:27:18,597 [WARN] PackLoader:240 - Cannot read IP mode file for STMicroelectronics.X-CUBE-IPS.3.0.0
2025-01-10 15:27:18,609 [WARN] ConditionMgr:438 - getConditionDescription Invalid condition id : UX DEVICE CLASS RTOS Condition cause : null
2025-01-10 15:27:18,609 [WARN] ConditionMgr:438 - getConditionDescription Invalid condition id : UX DEVICE CLASS RTOS Condition cause : null
2025-01-10 15:27:18,610 [WARN] PackLoader:240 - Cannot read IP mode file for STMicroelectronics.X-CUBE-AZRTOS-WB.2.0.0
2025-01-10 15:27:18,611 [WARN] ConditionMgr:1039 - genDependencies : Invalid condition id : UX DEVICE CLASS RTOS Condition cause : null
2025-01-10 15:27:18,611 [WARN] ConditionMgr:1039 - genDependencies : Invalid condition id : UX DEVICE CLASS RTOS Condition cause : null
2025-01-10 15:27:18,611 [WARN] ConditionMgr:1039 - genDependencies : Invalid condition id : UX DEVICE CLASS RTOS Condition cause : null
2025-01-10 15:27:18,611 [WARN] ConditionMgr:1039 - genDependencies : Invalid condition id : UX DEVICE CLASS RTOS Condition cause : null
2025-01-10 15:27:18,611 [WARN] ConditionMgr:1039 - genDependencies : Invalid condition id : UX DEVICE CLASS RTOS Condition cause : null
2025-01-10 15:27:18,619 [WARN] PackLoader:240 - Cannot read IP mode file for STMicroelectronics.X-CUBE-GNSS1.7.0.0
2025-01-10 15:27:18,623 [WARN] PackLoader:240 - Cannot read IP mode file for STMicroelectronics.X-CUBE-GNSS1.7.0.1
2025-01-10 15:27:18,629 [WARN] PackLoader:240 - Cannot read IP mode file for STMicroelectronics.X-CUBE-SUBG2.5.0.0
2025-01-10 15:27:18,637 [WARN] PackLoader:240 - Cannot read IP mode file for Cesanta.I-CUBE-Mongoose.7.13.0
2025-01-10 15:27:18,646 [WARN] PackLoader:240 - Cannot read IP mode file for STMicroelectronics.X-CUBE-AZRTOS-G4.2.0.0
2025-01-10 15:27:18,649 [ERROR] Engine:466 - C:\Users\ADMIN\.stm32cubemx\thirdparties\pdsc\STMicroelectronics.X-CUBE-IPS.3.1.0.pdsc: PDSC version is not supported
2025-01-10 15:27:18,652 [WARN] PackLoader:240 - Cannot read IP mode file for STMicroelectronics.X-CUBE-ALS.1.0.2
2025-01-10 15:27:18,656 [WARN] PackLoader:240 - Cannot read IP mode file for STMicroelectronics.X-CUBE-TOUCHGFX.4.24.2
2025-01-10 15:27:18,659 [WARN] PackLoader:240 - Cannot read IP mode file for STMicroelectronics.X-CUBE-TOUCHGFX.4.24.1
2025-01-10 15:27:18,663 [WARN] PackLoader:240 - Cannot read IP mode file for portGmbH.I-Cube-SoM-uGOAL.1.1.0
2025-01-10 15:27:18,678 [WARN] PackLoader:240 - Cannot read IP mode file for STMicroelectronics.X-CUBE-AZRTOS-H7RS.1.0.0
2025-01-10 15:27:18,683 [WARN] PackLoader:240 - Cannot read IP mode file for STMicroelectronics.FP-ATR-ASTRA1.2.0.0
2025-01-10 15:27:18,698 [WARN] PackLoader:240 - Cannot read IP mode file for Infineon.AIROC-Wi-Fi-Bluetooth-STM32.1.6.1
2025-01-10 15:27:18,700 [INFO] ThirdParty:978 - Integrity check success = true
2025-01-10 15:27:18,700 [INFO] IntegrityCheckThread:100 - exiting critical section [integrity check]
2025-01-10 15:27:18,700 [INFO] IntegrityCheckThread:103 - End integrity checks thread
2025-01-10 15:32:30,509 [ERROR] ConfigurationRetriever:142 - IOException on connection: Connect timed out
2025-01-10 15:32:30,997 [ERROR] LogOutputStream:75 - [STDERR_REDIRECT] 
